{"G:\\Desktop\\MERN\\Tutorial\\jest\\isPalindrome.js": {"path":"G:\\Desktop\\MERN\\Tutorial\\jest\\isPalindrome.js","statementMap":{"0":{"start":{"line":2,"column":2},"end":{"line":5,"column":4}},"1":{"start":{"line":8,"column":0},"end":{"line":8,"column":30}}},"fnMap":{"0":{"name":"isPalindrome","decl":{"start":{"line":1,"column":9},"end":{"line":1,"column":21}},"loc":{"start":{"line":1,"column":28},"end":{"line":6,"column":1}},"line":1}},"branchMap":{},"s":{"0":2,"1":1},"f":{"0":2},"b":{},"_coverageSchema":"1a1c01bbd47fc00a2c39e90264f33305004495a9","hash":"fc915ad797411fdddf63fc0afd7010509427091a"}
,"G:\\Desktop\\MERN\\Tutorial\\jest\\sum.js": {"path":"G:\\Desktop\\MERN\\Tutorial\\jest\\sum.js","statementMap":{"0":{"start":{"line":2,"column":2},"end":{"line":2,"column":15}},"1":{"start":{"line":5,"column":0},"end":{"line":5,"column":21}}},"fnMap":{"0":{"name":"sum","decl":{"start":{"line":1,"column":9},"end":{"line":1,"column":12}},"loc":{"start":{"line":1,"column":19},"end":{"line":3,"column":1}},"line":1}},"branchMap":{},"s":{"0":1,"1":1},"f":{"0":1},"b":{},"_coverageSchema":"1a1c01bbd47fc00a2c39e90264f33305004495a9","hash":"2ca75446ea1928b504f9af351338983ea8222f98"}
}
